<?xml version="1.0" encoding="UTF-8"?>
<!-- Generated by org.testng.reporters.JUnitReportReporter -->
<testsuite hostname="LAPTOP-068DGR6T" name="login_module.parametersExe" tests="1" failures="0" timestamp="7 Sep 2019 18:15:49 GMT" time="29.317" errors="0">
  <testcase name="maillog" time="29.317" classname="login_module.parametersExe"/>
</testsuite> <!-- login_module.parametersExe -->
